This is pdfTeX, Version 3.141592653-2.6-1.40.22 (TeX Live 2022/dev/Debian) (preloaded format=pdflatex 2023.3.15)  17 MAR 2023 11:16
entering extended mode
 \write18 enabled.
 %&-line parsing enabled.
**main.tex
(./main.tex
LaTeX2e <2021-11-15> patch level 1
L3 programming layer <2022-01-21> (./thispreamble.tex

! LaTeX Error: File `myquizpreamble.tex' not found.

Type X to quit or <RETURN> to proceed,
or enter new name. (Default extension: tex)

Enter file name: main.tex
(./main.tex (./thispreamble.tex

! LaTeX Error: Command \COURSE already defined.
               Or name \end... illegal, see p.192 of the manual.

See the LaTeX manual or LaTeX Companion for explanation.
Type  H <return>  for immediate help.
 ...                                              
                                                  
l.1 \newcommand\COURSE{ciss350}
                               
? x
 
Here is how much of TeX's memory you used:
 49 strings out of 480247
 881 string characters out of 5896151
 283961 words of memory out of 5000000
 18085 multiletter control sequences out of 15000+600000
 469259 words of font info for 28 fonts, out of 8000000 for 9000
 14 hyphenation exceptions out of 8191
 26i,0n,30p,119b,18s stack positions out of 5000i,500n,10000p,200000b,80000s
No pages of output.
PDF statistics:
 0 PDF objects out of 1000 (max. 8388607)
 0 named destinations out of 1000 (max. 500000)
 1 words of extra memory for PDF output out of 10000 (max. 10000000)

